<?xml version="1.0" encoding="UTF-8"?>
<!-- Generated by org.testng.reporters.JUnitXMLReporter -->
<testsuite ignored="0" hostname="DESKTOP-DOAPJ48" failures="0" tests="2" name="RegressionSuite" time="15.406" errors="0" timestamp="2023-03-05T20:13:41 IST">
  <testcase classname="AutomationFramework.AutomationFrameworkJenkins.RegressionSuite" name="VerifyTitle" time="0.02"/>
  <testcase classname="AutomationFramework.AutomationFrameworkJenkins.RegressionSuite" name="login" time="3.333"/>
</testsuite> <!-- RegressionSuite -->
