<?xml version="1.0" encoding="UTF-8"?>
<!-- Generated by org.testng.reporters.JUnitXMLReporter -->
<testsuite ignored="0" hostname="DESKTOP-DOAPJ48" failures="0" tests="2" name="Default test" time="10.845" errors="0" timestamp="2023-03-05T20:10:34 IST">
  <testcase classname="AutomationFramework.AutomationFrameworkJenkins.RegressionSuite" name="VerifyTitle" time="0.018"/>
  <testcase classname="AutomationFramework.AutomationFrameworkJenkins.RegressionSuite" name="login" time="1.676"/>
</testsuite> <!-- Default test -->
