<?xml version="1.0" encoding="UTF-8"?>
<testng-results ignored="0" total="2" passed="2" failed="0" skipped="0">
  <reporter-output>
  </reporter-output>
  <suite started-at="2023-03-05T20:49:55 IST" name="RegressionSuite" finished-at="2023-03-05T20:50:18 IST" duration-ms="23176">
    <groups>
    </groups>
    <test started-at="2023-03-05T20:49:55 IST" name="RegressionSuite" finished-at="2023-03-05T20:50:18 IST" duration-ms="23176">
      <class name="AutomationFramework.AutomationFrameworkJenkins.RegressionSuite">
        <test-method is-config="true" signature="init()[pri:0, instance:AutomationFramework.AutomationFrameworkJenkins.RegressionSuite@45018215]" started-at="2023-03-05T20:49:55 IST" name="init" finished-at="2023-03-05T20:50:15 IST" duration-ms="20215" status="PASS">
          <reporter-output>
          </reporter-output>
        </test-method> <!-- init -->
        <test-method signature="VerifyTitle()[pri:0, instance:AutomationFramework.AutomationFrameworkJenkins.RegressionSuite@45018215]" started-at="2023-03-05T20:50:15 IST" name="VerifyTitle" finished-at="2023-03-05T20:50:15 IST" duration-ms="14" status="PASS">
          <reporter-output>
          </reporter-output>
        </test-method> <!-- VerifyTitle -->
        <test-method signature="login()[pri:0, instance:AutomationFramework.AutomationFrameworkJenkins.RegressionSuite@45018215]" started-at="2023-03-05T20:50:15 IST" name="login" finished-at="2023-03-05T20:50:17 IST" duration-ms="2146" status="PASS">
          <reporter-output>
          </reporter-output>
        </test-method> <!-- login -->
        <test-method is-config="true" signature="teardown()[pri:0, instance:AutomationFramework.AutomationFrameworkJenkins.RegressionSuite@45018215]" started-at="2023-03-05T20:50:17 IST" name="teardown" finished-at="2023-03-05T20:50:18 IST" duration-ms="670" status="PASS">
          <reporter-output>
          </reporter-output>
        </test-method> <!-- teardown -->
      </class> <!-- AutomationFramework.AutomationFrameworkJenkins.RegressionSuite -->
    </test> <!-- RegressionSuite -->
  </suite> <!-- RegressionSuite -->
</testng-results>
