<?xml version="1.0" encoding="UTF-8"?>
<!-- Generated by org.testng.reporters.JUnitXMLReporter -->
<testsuite ignored="0" hostname="DESKTOP-DOAPJ48" failures="0" tests="2" name="RegressionSuite" time="23.176" errors="0" timestamp="2023-03-05T20:50:18 IST">
  <testcase classname="AutomationFramework.AutomationFrameworkJenkins.RegressionSuite" name="VerifyTitle" time="0.014"/>
  <testcase classname="AutomationFramework.AutomationFrameworkJenkins.RegressionSuite" name="login" time="2.146"/>
</testsuite> <!-- RegressionSuite -->
