<?xml version="1.0" encoding="UTF-8"?>
<testng-results ignored="0" total="2" passed="2" failed="0" skipped="0">
  <reporter-output>
  </reporter-output>
  <suite started-at="2023-03-05T20:13:25 IST" name="RegressionSuite" finished-at="2023-03-05T20:13:41 IST" duration-ms="15406">
    <groups>
    </groups>
    <test started-at="2023-03-05T20:13:25 IST" name="RegressionSuite" finished-at="2023-03-05T20:13:41 IST" duration-ms="15406">
      <class name="AutomationFramework.AutomationFrameworkJenkins.RegressionSuite">
        <test-method is-config="true" signature="init()[pri:0, instance:AutomationFramework.AutomationFrameworkJenkins.RegressionSuite@60bd273d]" started-at="2023-03-05T20:13:25 IST" name="init" finished-at="2023-03-05T20:13:37 IST" duration-ms="11500" status="PASS">
          <reporter-output>
          </reporter-output>
        </test-method> <!-- init -->
        <test-method signature="VerifyTitle()[pri:0, instance:AutomationFramework.AutomationFrameworkJenkins.RegressionSuite@60bd273d]" started-at="2023-03-05T20:13:37 IST" name="VerifyTitle" finished-at="2023-03-05T20:13:37 IST" duration-ms="20" status="PASS">
          <reporter-output>
          </reporter-output>
        </test-method> <!-- VerifyTitle -->
        <test-method signature="login()[pri:0, instance:AutomationFramework.AutomationFrameworkJenkins.RegressionSuite@60bd273d]" started-at="2023-03-05T20:13:37 IST" name="login" finished-at="2023-03-05T20:13:40 IST" duration-ms="3333" status="PASS">
          <reporter-output>
          </reporter-output>
        </test-method> <!-- login -->
        <test-method is-config="true" signature="teardown()[pri:0, instance:AutomationFramework.AutomationFrameworkJenkins.RegressionSuite@60bd273d]" started-at="2023-03-05T20:13:40 IST" name="teardown" finished-at="2023-03-05T20:13:41 IST" duration-ms="492" status="PASS">
          <reporter-output>
          </reporter-output>
        </test-method> <!-- teardown -->
      </class> <!-- AutomationFramework.AutomationFrameworkJenkins.RegressionSuite -->
    </test> <!-- RegressionSuite -->
  </suite> <!-- RegressionSuite -->
</testng-results>
